{"numTotalTestSuites":379,"numPassedTestSuites":379,"numFailedTestSuites":0,"numPendingTestSuites":0,"numTotalTests":996,"numPassedTests":996,"numFailedTests":0,"numPendingTests":0,"numTodoTests":0,"snapshot":{"added":0,"failure":false,"filesAdded":0,"filesRemoved":0,"filesRemovedList":[],"filesUnmatched":0,"filesUpdated":0,"matched":0,"total":0,"unchecked":0,"uncheckedKeysByFile":[],"unmatched":0,"updated":0,"didUpdate":false},"startTime":1754419558971,"success":true,"testResults":[{"assertionResults":[{"ancestorTitles":["RootLayout","HTML Structure"],"fullName":"RootLayout HTML Structure should render layout component without throwing","status":"passed","title":"should render layout component without throwing","duration":12.639207999999996,"failureMessages":[],"meta":{}},{"ancestorTitles":["RootLayout","HTML Structure"],"fullName":"RootLayout HTML Structure should render complete document structure","status":"passed","title":"should render complete document structure","duration":4.1712080000000356,"failureMessages":[],"meta":{}},{"ancestorTitles":["RootLayout","Component Integration"],"fullName":"RootLayout Component Integration should render Providers component","status":"passed","title":"should render Providers component","duration":0.8687080000000265,"failureMessages":[],"meta":{}},{"ancestorTitles":["RootLayout","Component Integration"],"fullName":"RootLayout Component Integration should render children within Providers","status":"passed","title":"should render children within Providers","duration":0.9782909999999561,"failureMessages":[],"meta":{}},{"ancestorTitles":["RootLayout","Component Integration"],"fullName":"RootLayout Component Integration should render CookieBanner component","status":"passed","title":"should render CookieBanner component","duration":5.779125000000022,"failureMessages":[],"meta":{}},{"ancestorTitles":["RootLayout","Component Integration"],"fullName":"RootLayout Component Integration should render CookieBanner after children in the Providers","status":"passed","title":"should render CookieBanner after children in the Providers","duration":0.8965420000000108,"failureMessages":[],"meta":{}},{"ancestorTitles":["RootLayout","Children Rendering"],"fullName":"RootLayout Children Rendering should render simple text children","status":"passed","title":"should render simple text children","duration":2.4136669999999754,"failureMessages":[],"meta":{}},{"ancestorTitles":["RootLayout","Children Rendering"],"fullName":"RootLayout Children Rendering should render complex JSX children","status":"passed","title":"should render complex JSX children","duration":1.7782499999999573,"failureMessages":[],"meta":{}},{"ancestorTitles":["RootLayout","Children Rendering"],"fullName":"RootLayout Children Rendering should render multiple children elements","status":"passed","title":"should render multiple children elements","duration":0.8034999999999854,"failureMessages":[],"meta":{}},{"ancestorTitles":["RootLayout","Children Rendering"],"fullName":"RootLayout Children Rendering should handle null children gracefully","status":"passed","title":"should handle null children gracefully","duration":0.5427089999999453,"failureMessages":[],"meta":{}},{"ancestorTitles":["RootLayout","Children Rendering"],"fullName":"RootLayout Children Rendering should handle undefined children gracefully","status":"passed","title":"should handle undefined children gracefully","duration":0.39029200000004494,"failureMessages":[],"meta":{}},{"ancestorTitles":["RootLayout","Font Integration"],"fullName":"RootLayout Font Integration should use Inter font configuration","status":"passed","title":"should use Inter font configuration","duration":0.4467500000000655,"failureMessages":[],"meta":{}},{"ancestorTitles":["RootLayout","Font Integration"],"fullName":"RootLayout Font Integration should handle font loading gracefully","status":"passed","title":"should handle font loading gracefully","duration":0.3310830000000351,"failureMessages":[],"meta":{}},{"ancestorTitles":["RootLayout","Environment Integration"],"fullName":"RootLayout Environment Integration should use site name from environment config","status":"passed","title":"should use site name from environment config","duration":0.07999999999992724,"failureMessages":[],"meta":{}},{"ancestorTitles":["RootLayout","Accessibility"],"fullName":"RootLayout Accessibility should maintain semantic document structure","status":"passed","title":"should maintain semantic document structure","duration":0.32520899999997255,"failureMessages":[],"meta":{}},{"ancestorTitles":["RootLayout","Accessibility"],"fullName":"RootLayout Accessibility should render content in logical order","status":"passed","title":"should render content in logical order","duration":0.5384589999999889,"failureMessages":[],"meta":{}},{"ancestorTitles":["RootLayout","CSS and Styling"],"fullName":"RootLayout CSS and Styling should import global CSS","status":"passed","title":"should import global CSS","duration":0.3378340000000435,"failureMessages":[],"meta":{}},{"ancestorTitles":["RootLayout","CSS and Styling"],"fullName":"RootLayout CSS and Styling should render without styling conflicts","status":"passed","title":"should render without styling conflicts","duration":0.3082089999999198,"failureMessages":[],"meta":{}},{"ancestorTitles":["RootLayout","Component Composition"],"fullName":"RootLayout Component Composition should render all components in correct hierarchy","status":"passed","title":"should render all components in correct hierarchy","duration":0.40383299999996325,"failureMessages":[],"meta":{}},{"ancestorTitles":["RootLayout","Component Composition"],"fullName":"RootLayout Component Composition should maintain component isolation","status":"passed","title":"should maintain component isolation","duration":0.3973750000000109,"failureMessages":[],"meta":{}},{"ancestorTitles":["RootLayout","Edge Cases"],"fullName":"RootLayout Edge Cases should handle React fragments as children","status":"passed","title":"should handle React fragments as children","duration":0.5388330000000678,"failureMessages":[],"meta":{}},{"ancestorTitles":["RootLayout","Edge Cases"],"fullName":"RootLayout Edge Cases should handle conditional children","status":"passed","title":"should handle conditional children","duration":0.4269170000000031,"failureMessages":[],"meta":{}},{"ancestorTitles":["RootLayout","Edge Cases"],"fullName":"RootLayout Edge Cases should not break with empty string children","status":"passed","title":"should not break with empty string children","duration":14.497833000000014,"failureMessages":[],"meta":{}},{"ancestorTitles":["RootLayout","Edge Cases"],"fullName":"RootLayout Edge Cases should handle array of children","status":"passed","title":"should handle array of children","duration":0.8394589999999198,"failureMessages":[],"meta":{}},{"ancestorTitles":["RootLayout","Error Handling"],"fullName":"RootLayout Error Handling should not throw when rendering with valid props","status":"passed","title":"should not throw when rendering with valid props","duration":0.35837500000002365,"failureMessages":[],"meta":{}},{"ancestorTitles":["RootLayout","Error Handling"],"fullName":"RootLayout Error Handling should handle component render without crashing","status":"passed","title":"should handle component render without crashing","duration":0.3210829999999305,"failureMessages":[],"meta":{}}],"startTime":1754419560831,"endTime":1754419560883.321,"status":"passed","message":"","name":"/Users/pingel/git_repos/github.com/The-AI-Alliance/semiont/apps/frontend/src/app/__tests__/layout.test.tsx"},{"assertionResults":[{"ancestorTitles":["useAPI hooks","useGreeting"],"fullName":"useAPI hooks useGreeting should call greeting API without name","status":"passed","title":"should call greeting API without name","duration":6.251083999999992,"failureMessages":[],"meta":{}},{"ancestorTitles":["useAPI hooks","useGreeting"],"fullName":"useAPI hooks useGreeting should call greeting API with name","status":"passed","title":"should call greeting API with name","duration":0.8576669999999922,"failureMessages":[],"meta":{}},{"ancestorTitles":["useAPI hooks","useBackendStatus"],"fullName":"useAPI hooks useBackendStatus should call status API without options","status":"passed","title":"should call status API without options","duration":0.6798750000000382,"failureMessages":[],"meta":{}},{"ancestorTitles":["useAPI hooks","useBackendStatus"],"fullName":"useAPI hooks useBackendStatus should call status API with polling options","status":"passed","title":"should call status API with polling options","duration":0.5623750000000882,"failureMessages":[],"meta":{}},{"ancestorTitles":["useAPI hooks","useHealthCheck"],"fullName":"useAPI hooks useHealthCheck should call health API","status":"passed","title":"should call health API","duration":0.6675840000000335,"failureMessages":[],"meta":{}},{"ancestorTitles":["useAPI hooks","useAuthenticatedAPI"],"fullName":"useAPI hooks useAuthenticatedAPI should provide authenticated API hooks when fully authenticated","status":"passed","title":"should provide authenticated API hooks when fully authenticated","duration":4.084708999999975,"failureMessages":[],"meta":{}},{"ancestorTitles":["useAPI hooks","useAuthenticatedAPI"],"fullName":"useAPI hooks useAuthenticatedAPI should indicate not ready when not authenticated","status":"passed","title":"should indicate not ready when not authenticated","duration":0.4499580000000378,"failureMessages":[],"meta":{}},{"ancestorTitles":["useAPI hooks","useAPICall"],"fullName":"useAPI hooks useAPICall should handle successful API call","status":"passed","title":"should handle successful API call","duration":54.32862499999999,"failureMessages":[],"meta":{}},{"ancestorTitles":["useAPI hooks","useAPICall"],"fullName":"useAPI hooks useAPICall should handle API call with custom options","status":"passed","title":"should handle API call with custom options","duration":0.7814579999999296,"failureMessages":[],"meta":{}},{"ancestorTitles":["useAPI hooks","useAPICall"],"fullName":"useAPI hooks useAPICall should handle failed API call","status":"passed","title":"should handle failed API call","duration":56.86850000000004,"failureMessages":[],"meta":{}},{"ancestorTitles":["useAPI hooks","useAPIMutation"],"fullName":"useAPI hooks useAPIMutation should handle successful mutation","status":"passed","title":"should handle successful mutation","duration":54.099166999999966,"failureMessages":[],"meta":{}},{"ancestorTitles":["useAPI hooks","useAPIMutation"],"fullName":"useAPI hooks useAPIMutation should handle failed mutation with error logging","status":"passed","title":"should handle failed mutation with error logging","duration":52.297957999999994,"failureMessages":[],"meta":{}},{"ancestorTitles":["useAPI hooks","useAPIMutation"],"fullName":"useAPI hooks useAPIMutation should handle mutation with optimistic update","status":"passed","title":"should handle mutation with optimistic update","duration":53.52937500000007,"failureMessages":[],"meta":{}},{"ancestorTitles":["useAPI hooks","useAPIMutation"],"fullName":"useAPI hooks useAPIMutation should not call custom error handler if not provided","status":"passed","title":"should not call custom error handler if not provided","duration":51.67841699999997,"failureMessages":[],"meta":{}},{"ancestorTitles":["useAPI hooks","Edge cases and integration"],"fullName":"useAPI hooks Edge cases and integration should handle useGreeting with empty string name","status":"passed","title":"should handle useGreeting with empty string name","duration":0.528165999999942,"failureMessages":[],"meta":{}},{"ancestorTitles":["useAPI hooks","Edge cases and integration"],"fullName":"useAPI hooks Edge cases and integration should handle useBackendStatus with undefined options","status":"passed","title":"should handle useBackendStatus with undefined options","duration":0.3252079999999751,"failureMessages":[],"meta":{}},{"ancestorTitles":["useAPI hooks","Edge cases and integration"],"fullName":"useAPI hooks Edge cases and integration should handle useAPICall with stale time options","status":"passed","title":"should handle useAPICall with stale time options","duration":53.48712499999988,"failureMessages":[],"meta":{}},{"ancestorTitles":["useAPI hooks","Edge cases and integration"],"fullName":"useAPI hooks Edge cases and integration should handle useAPIMutation with complex error scenarios","status":"passed","title":"should handle useAPIMutation with complex error scenarios","duration":52.80637499999989,"failureMessages":[],"meta":{}}],"startTime":1754419559652,"endTime":1754419560096.8064,"status":"passed","message":"","name":"/Users/pingel/git_repos/github.com/The-AI-Alliance/semiont/apps/frontend/src/__tests__/hooks/useAPI.test.tsx"},{"assertionResults":[{"ancestorTitles":["React Query API hooks","hello.greeting hook"],"fullName":"React Query API hooks hello.greeting hook should make query when name is provided","status":"passed","title":"should make query when name is provided","duration":62.21875,"failureMessages":[],"meta":{}},{"ancestorTitles":["React Query API hooks","hello.greeting hook"],"fullName":"React Query API hooks hello.greeting hook should not make query when name is not provided (disabled)","status":"passed","title":"should not make query when name is not provided (disabled)","duration":1.0771250000000236,"failureMessages":[],"meta":{}},{"ancestorTitles":["React Query API hooks","hello.greeting hook"],"fullName":"React Query API hooks hello.greeting hook should handle query errors","status":"passed","title":"should handle query errors","duration":53.62212499999998,"failureMessages":[],"meta":{}},{"ancestorTitles":["React Query API hooks","hello.greeting hook"],"fullName":"React Query API hooks hello.greeting hook should use correct query key","status":"passed","title":"should use correct query key","duration":1.2066670000000386,"failureMessages":[],"meta":{}},{"ancestorTitles":["React Query API hooks","hello.getStatus hook"],"fullName":"React Query API hooks hello.getStatus hook should make status query","status":"passed","title":"should make status query","duration":53.084292000000005,"failureMessages":[],"meta":{}},{"ancestorTitles":["React Query API hooks","hello.getStatus hook"],"fullName":"React Query API hooks hello.getStatus hook should use correct query key for status","status":"passed","title":"should use correct query key for status","duration":2.2422500000000127,"failureMessages":[],"meta":{}},{"ancestorTitles":["React Query API hooks","auth.google mutation"],"fullName":"React Query API hooks auth.google mutation should make Google auth mutation","status":"passed","title":"should make Google auth mutation","duration":1.4976250000000846,"failureMessages":[],"meta":{}},{"ancestorTitles":["React Query API hooks","auth.google mutation"],"fullName":"React Query API hooks auth.google mutation should handle mutation errors","status":"passed","title":"should handle mutation errors","duration":54.55170799999996,"failureMessages":[],"meta":{}},{"ancestorTitles":["React Query API hooks","auth.me query"],"fullName":"React Query API hooks auth.me query should fetch current user","status":"passed","title":"should fetch current user","duration":54.316875000000095,"failureMessages":[],"meta":{}},{"ancestorTitles":["React Query API hooks","auth.me query"],"fullName":"React Query API hooks auth.me query should use correct query key for auth.me","status":"passed","title":"should use correct query key for auth.me","duration":0.913915999999972,"failureMessages":[],"meta":{}},{"ancestorTitles":["React Query API hooks","auth.logout mutation"],"fullName":"React Query API hooks auth.logout mutation should make logout mutation","status":"passed","title":"should make logout mutation","duration":0.8718750000000455,"failureMessages":[],"meta":{}},{"ancestorTitles":["React Query API hooks","health query"],"fullName":"React Query API hooks health query should fetch health status","status":"passed","title":"should fetch health status","duration":52.04941700000006,"failureMessages":[],"meta":{}},{"ancestorTitles":["React Query API hooks","health query"],"fullName":"React Query API hooks health query should use correct query key for health","status":"passed","title":"should use correct query key for health","duration":0.7242500000000973,"failureMessages":[],"meta":{}},{"ancestorTitles":["React Query API hooks","admin.users.list query"],"fullName":"React Query API hooks admin.users.list query should fetch users list","status":"passed","title":"should fetch users list","duration":53.51158299999997,"failureMessages":[],"meta":{}},{"ancestorTitles":["React Query API hooks","admin.users.list query"],"fullName":"React Query API hooks admin.users.list query should use correct query key for admin users list","status":"passed","title":"should use correct query key for admin users list","duration":0.7257090000000517,"failureMessages":[],"meta":{}},{"ancestorTitles":["React Query API hooks","admin.users.stats query"],"fullName":"React Query API hooks admin.users.stats query should fetch user stats","status":"passed","title":"should fetch user stats","duration":51.81741699999998,"failureMessages":[],"meta":{}},{"ancestorTitles":["React Query API hooks","admin.users.stats query"],"fullName":"React Query API hooks admin.users.stats query should use correct query key for admin users stats","status":"passed","title":"should use correct query key for admin users stats","duration":0.6914580000000115,"failureMessages":[],"meta":{}},{"ancestorTitles":["React Query API hooks","admin.users.update mutation"],"fullName":"React Query API hooks admin.users.update mutation should update user with all fields","status":"passed","title":"should update user with all fields","duration":0.6371249999999691,"failureMessages":[],"meta":{}},{"ancestorTitles":["React Query API hooks","admin.users.update mutation"],"fullName":"React Query API hooks admin.users.update mutation should update user with partial data","status":"passed","title":"should update user with partial data","duration":0.5043749999999818,"failureMessages":[],"meta":{}},{"ancestorTitles":["React Query API hooks","admin.users.delete mutation"],"fullName":"React Query API hooks admin.users.delete mutation should delete user","status":"passed","title":"should delete user","duration":0.48758300000008603,"failureMessages":[],"meta":{}},{"ancestorTitles":["React Query API hooks","admin.oauth.config query"],"fullName":"React Query API hooks admin.oauth.config query should fetch OAuth configuration","status":"passed","title":"should fetch OAuth configuration","duration":57.2827920000002,"failureMessages":[],"meta":{}},{"ancestorTitles":["React Query API hooks","admin.oauth.config query"],"fullName":"React Query API hooks admin.oauth.config query should use correct query key for OAuth config","status":"passed","title":"should use correct query key for OAuth config","duration":0.64975000000004,"failureMessages":[],"meta":{}},{"ancestorTitles":["React Query API hooks","hook error handling"],"fullName":"React Query API hooks hook error handling should handle network errors in queries","status":"passed","title":"should handle network errors in queries","duration":55.83441700000003,"failureMessages":[],"meta":{}},{"ancestorTitles":["React Query API hooks","hook error handling"],"fullName":"React Query API hooks hook error handling should handle network errors in mutations","status":"passed","title":"should handle network errors in mutations","duration":53.49562500000002,"failureMessages":[],"meta":{}},{"ancestorTitles":["React Query API hooks","hook state management"],"fullName":"React Query API hooks hook state management should track loading states correctly for queries","status":"passed","title":"should track loading states correctly for queries","duration":53.06983300000002,"failureMessages":[],"meta":{}},{"ancestorTitles":["React Query API hooks","hook state management"],"fullName":"React Query API hooks hook state management should track loading states correctly for mutations","status":"passed","title":"should track loading states correctly for mutations","duration":52.971708000000035,"failureMessages":[],"meta":{}}],"startTime":1754419559647,"endTime":1754419560367.9717,"status":"passed","message":"","name":"/Users/pingel/git_repos/github.com/The-AI-Alliance/semiont/apps/frontend/src/__tests__/lib/api-client-hooks.test.tsx"},{"assertionResults":[{"ancestorTitles":["APIError"],"fullName":"APIError should create APIError with status and data","status":"passed","title":"should create APIError with status and data","duration":1.107249999999965,"failureMessages":[],"meta":{}},{"ancestorTitles":["APIError"],"fullName":"APIError should create APIError with custom message","status":"passed","title":"should create APIError with custom message","duration":0.21554100000003018,"failureMessages":[],"meta":{}},{"ancestorTitles":["APIError"],"fullName":"APIError should extend Error class properly","status":"passed","title":"should extend Error class properly","duration":0.1704159999999888,"failureMessages":[],"meta":{}},{"ancestorTitles":["TypedAPIClient","constructor"],"fullName":"TypedAPIClient constructor should initialize with correct baseUrl and headers","status":"passed","title":"should initialize with correct baseUrl and headers","duration":0.3170000000000073,"failureMessages":[],"meta":{}},{"ancestorTitles":["TypedAPIClient","HTTP methods","GET requests"],"fullName":"TypedAPIClient HTTP methods GET requests should make GET request with correct URL and headers","status":"passed","title":"should make GET request with correct URL and headers","duration":1.078708000000006,"failureMessages":[],"meta":{}},{"ancestorTitles":["TypedAPIClient","HTTP methods","GET requests"],"fullName":"TypedAPIClient HTTP methods GET requests should handle path parameters","status":"passed","title":"should handle path parameters","duration":0.4010830000000283,"failureMessages":[],"meta":{}},{"ancestorTitles":["TypedAPIClient","HTTP methods","GET requests"],"fullName":"TypedAPIClient HTTP methods GET requests should handle optional path parameters","status":"passed","title":"should handle optional path parameters","duration":0.30270799999999554,"failureMessages":[],"meta":{}},{"ancestorTitles":["TypedAPIClient","HTTP methods","GET requests"],"fullName":"TypedAPIClient HTTP methods GET requests should remove optional parameters when not provided","status":"passed","title":"should remove optional parameters when not provided","duration":0.28470900000002075,"failureMessages":[],"meta":{}},{"ancestorTitles":["TypedAPIClient","HTTP methods","GET requests"],"fullName":"TypedAPIClient HTTP methods GET requests should handle custom headers","status":"passed","title":"should handle custom headers","duration":0.32308300000005374,"failureMessages":[],"meta":{}},{"ancestorTitles":["TypedAPIClient","HTTP methods","POST requests"],"fullName":"TypedAPIClient HTTP methods POST requests should make POST request with body","status":"passed","title":"should make POST request with body","duration":0.3235419999999749,"failureMessages":[],"meta":{}},{"ancestorTitles":["TypedAPIClient","HTTP methods","POST requests"],"fullName":"TypedAPIClient HTTP methods POST requests should not include body for GET request even if provided","status":"passed","title":"should not include body for GET request even if provided","duration":0.25629199999997354,"failureMessages":[],"meta":{}},{"ancestorTitles":["TypedAPIClient","HTTP methods","PATCH requests"],"fullName":"TypedAPIClient HTTP methods PATCH requests should make PATCH request with body and parameters","status":"passed","title":"should make PATCH request with body and parameters","duration":0.27729199999998855,"failureMessages":[],"meta":{}},{"ancestorTitles":["TypedAPIClient","HTTP methods","DELETE requests"],"fullName":"TypedAPIClient HTTP methods DELETE requests should make DELETE request with parameters","status":"passed","title":"should make DELETE request with parameters","duration":0.3059999999999832,"failureMessages":[],"meta":{}},{"ancestorTitles":["TypedAPIClient","error handling"],"fullName":"TypedAPIClient error handling should throw APIError when response is not ok","status":"passed","title":"should throw APIError when response is not ok","duration":0.6322499999999991,"failureMessages":[],"meta":{}},{"ancestorTitles":["TypedAPIClient","error handling"],"fullName":"TypedAPIClient error handling should handle non-JSON error responses","status":"passed","title":"should handle non-JSON error responses","duration":0.2710830000000328,"failureMessages":[],"meta":{}},{"ancestorTitles":["TypedAPIClient","error handling"],"fullName":"TypedAPIClient error handling should handle malformed JSON error responses","status":"passed","title":"should handle malformed JSON error responses","duration":0.23645799999997053,"failureMessages":[],"meta":{}},{"ancestorTitles":["TypedAPIClient","authentication"],"fullName":"TypedAPIClient authentication should set authorization header","status":"passed","title":"should set authorization header","duration":0.16287499999998545,"failureMessages":[],"meta":{}},{"ancestorTitles":["TypedAPIClient","authentication"],"fullName":"TypedAPIClient authentication should clear authorization header","status":"passed","title":"should clear authorization header","duration":0.16766699999999446,"failureMessages":[],"meta":{}},{"ancestorTitles":["TypedAPIClient","authentication"],"fullName":"TypedAPIClient authentication should include auth header in requests","status":"passed","title":"should include auth header in requests","duration":0.2523329999999646,"failureMessages":[],"meta":{}},{"ancestorTitles":["TypedAPIClient","parameter replacement edge cases"],"fullName":"TypedAPIClient parameter replacement edge cases should handle multiple parameters","status":"passed","title":"should handle multiple parameters","duration":0.26320799999996325,"failureMessages":[],"meta":{}},{"ancestorTitles":["TypedAPIClient","parameter replacement edge cases"],"fullName":"TypedAPIClient parameter replacement edge cases should handle undefined parameters","status":"passed","title":"should handle undefined parameters","duration":0.23745800000000372,"failureMessages":[],"meta":{}},{"ancestorTitles":["TypedAPIClient","parameter replacement edge cases"],"fullName":"TypedAPIClient parameter replacement edge cases should convert non-string parameters to strings","status":"passed","title":"should convert non-string parameters to strings","duration":0.23516599999999244,"failureMessages":[],"meta":{}},{"ancestorTitles":["apiClient instance"],"fullName":"apiClient instance should be an instance of TypedAPIClient","status":"passed","title":"should be an instance of TypedAPIClient","duration":0.10704100000003791,"failureMessages":[],"meta":{}},{"ancestorTitles":["apiService","hello endpoints"],"fullName":"apiService hello endpoints should call greeting endpoint without name parameter","status":"passed","title":"should call greeting endpoint without name parameter","duration":0.3146669999999858,"failureMessages":[],"meta":{}},{"ancestorTitles":["apiService","hello endpoints"],"fullName":"apiService hello endpoints should call greeting endpoint with name parameter","status":"passed","title":"should call greeting endpoint with name parameter","duration":0.21191699999997127,"failureMessages":[],"meta":{}},{"ancestorTitles":["apiService","status endpoint"],"fullName":"apiService status endpoint should call status endpoint","status":"passed","title":"should call status endpoint","duration":0.20745900000002848,"failureMessages":[],"meta":{}},{"ancestorTitles":["apiService","auth endpoints"],"fullName":"apiService auth endpoints should call Google auth endpoint","status":"passed","title":"should call Google auth endpoint","duration":0.219208999999978,"failureMessages":[],"meta":{}},{"ancestorTitles":["apiService","auth endpoints"],"fullName":"apiService auth endpoints should call me endpoint","status":"passed","title":"should call me endpoint","duration":0.21495799999996734,"failureMessages":[],"meta":{}},{"ancestorTitles":["apiService","auth endpoints"],"fullName":"apiService auth endpoints should call logout endpoint","status":"passed","title":"should call logout endpoint","duration":0.21649999999999636,"failureMessages":[],"meta":{}},{"ancestorTitles":["apiService","health endpoint"],"fullName":"apiService health endpoint should call health endpoint","status":"passed","title":"should call health endpoint","duration":0.21979200000004084,"failureMessages":[],"meta":{}},{"ancestorTitles":["apiService","admin endpoints","users"],"fullName":"apiService admin endpoints users should call list users endpoint","status":"passed","title":"should call list users endpoint","duration":0.21741700000001174,"failureMessages":[],"meta":{}},{"ancestorTitles":["apiService","admin endpoints","users"],"fullName":"apiService admin endpoints users should call users stats endpoint","status":"passed","title":"should call users stats endpoint","duration":0.21125000000000682,"failureMessages":[],"meta":{}},{"ancestorTitles":["apiService","admin endpoints","users"],"fullName":"apiService admin endpoints users should call update user endpoint with all fields","status":"passed","title":"should call update user endpoint with all fields","duration":0.23029100000002245,"failureMessages":[],"meta":{}},{"ancestorTitles":["apiService","admin endpoints","users"],"fullName":"apiService admin endpoints users should call update user endpoint with partial fields","status":"passed","title":"should call update user endpoint with partial fields","duration":0.21699999999998454,"failureMessages":[],"meta":{}},{"ancestorTitles":["apiService","admin endpoints","users"],"fullName":"apiService admin endpoints users should call delete user endpoint","status":"passed","title":"should call delete user endpoint","duration":0.21604200000001583,"failureMessages":[],"meta":{}},{"ancestorTitles":["apiService","admin endpoints","oauth"],"fullName":"apiService admin endpoints oauth should call oauth config endpoint","status":"passed","title":"should call oauth config endpoint","duration":0.21404199999994944,"failureMessages":[],"meta":{}},{"ancestorTitles":["apiService","error propagation"],"fullName":"apiService error propagation should propagate APIError from TypedAPIClient","status":"passed","title":"should propagate APIError from TypedAPIClient","duration":0.3296250000000214,"failureMessages":[],"meta":{}}],"startTime":1754419560820,"endTime":1754419560831.3296,"status":"passed","message":"","name":"/Users/pingel/git_repos/github.com/The-AI-Alliance/semiont/apps/frontend/src/__tests__/lib/api-client.test.ts"},{"assertionResults":[{"ancestorTitles":["CookieBanner - Basic Tests"],"fullName":"CookieBanner - Basic Tests should not display when shouldShowBanner returns false","status":"passed","title":"should not display when shouldShowBanner returns false","duration":8.96445899999992,"failureMessages":[],"meta":{}},{"ancestorTitles":["CookieBanner - Basic Tests"],"fullName":"CookieBanner - Basic Tests should render without crashing when shouldShowBanner returns true","status":"passed","title":"should render without crashing when shouldShowBanner returns true","duration":6.4239579999999705,"failureMessages":[],"meta":{}},{"ancestorTitles":["CookieBanner - Basic Tests"],"fullName":"CookieBanner - Basic Tests should call shouldShowBanner on mount","status":"passed","title":"should call shouldShowBanner on mount","duration":0.5693750000000364,"failureMessages":[],"meta":{}},{"ancestorTitles":["CookieBanner - Basic Tests"],"fullName":"CookieBanner - Basic Tests should handle className prop","status":"passed","title":"should handle className prop","duration":0.40941700000007586,"failureMessages":[],"meta":{}}],"startTime":1754419560988,"endTime":1754419561004.5693,"status":"passed","message":"","name":"/Users/pingel/git_repos/github.com/The-AI-Alliance/semiont/apps/frontend/src/components/__tests__/CookieBanner.basic.test.tsx"},{"assertionResults":[{"ancestorTitles":["CookieBanner Component","Visibility and Initial State Tests"],"fullName":"CookieBanner Component Visibility and Initial State Tests should display banner when shouldShowBanner returns true","status":"passed","title":"should display banner when shouldShowBanner returns true","duration":15.382790999999997,"failureMessages":[],"meta":{}},{"ancestorTitles":["CookieBanner Component","Visibility and Initial State Tests"],"fullName":"CookieBanner Component Visibility and Initial State Tests should not display banner when shouldShowBanner returns false","status":"passed","title":"should not display banner when shouldShowBanner returns false","duration":0.7552090000000362,"failureMessages":[],"meta":{}},{"ancestorTitles":["CookieBanner Component","Visibility and Initial State Tests"],"fullName":"CookieBanner Component Visibility and Initial State Tests should initialize with correct default state","status":"passed","title":"should initialize with correct default state","duration":26.129042000000027,"failureMessages":[],"meta":{}},{"ancestorTitles":["CookieBanner Component","Visibility and Initial State Tests"],"fullName":"CookieBanner Component Visibility and Initial State Tests should call region detection functions on mount","status":"passed","title":"should call region detection functions on mount","duration":4.1019580000000815,"failureMessages":[],"meta":{}},{"ancestorTitles":["CookieBanner Component","Visibility and Initial State Tests"],"fullName":"CookieBanner Component Visibility and Initial State Tests should handle async region detection with Promise.all","status":"passed","title":"should handle async region detection with Promise.all","duration":7.406458000000043,"failureMessages":[],"meta":{}},{"ancestorTitles":["CookieBanner Component","Visibility and Initial State Tests"],"fullName":"CookieBanner Component Visibility and Initial State Tests should handle custom className prop","status":"passed","title":"should handle custom className prop","duration":3.0649170000000368,"failureMessages":[],"meta":{}},{"ancestorTitles":["CookieBanner Component","Visibility and Initial State Tests"],"fullName":"CookieBanner Component Visibility and Initial State Tests should maintain state during re-renders","status":"passed","title":"should maintain state during re-renders","duration":28.358249999999998,"failureMessages":[],"meta":{}},{"ancestorTitles":["CookieBanner Component","Visibility and Initial State Tests"],"fullName":"CookieBanner Component Visibility and Initial State Tests should handle component unmounting gracefully","status":"passed","title":"should handle component unmounting gracefully","duration":3.378791999999976,"failureMessages":[],"meta":{}},{"ancestorTitles":["CookieBanner Component","Region-Specific Behavior Tests"],"fullName":"CookieBanner Component Region-Specific Behavior Tests should display GDPR content when GDPR is applicable","status":"passed","title":"should display GDPR content when GDPR is applicable","duration":4.634124999999926,"failureMessages":[],"meta":{}},{"ancestorTitles":["CookieBanner Component","Region-Specific Behavior Tests"],"fullName":"CookieBanner Component Region-Specific Behavior Tests should display CCPA content when CCPA is applicable","status":"passed","title":"should display CCPA content when CCPA is applicable","duration":9.028916999999979,"failureMessages":[],"meta":{}},{"ancestorTitles":["CookieBanner Component","Region-Specific Behavior Tests"],"fullName":"CookieBanner Component Region-Specific Behavior Tests should display general content when neither GDPR nor CCPA applies","status":"passed","title":"should display general content when neither GDPR nor CCPA applies","duration":5.50645899999995,"failureMessages":[],"meta":{}},{"ancestorTitles":["CookieBanner Component","Region-Specific Behavior Tests"],"fullName":"CookieBanner Component Region-Specific Behavior Tests should not show Reject All button in GDPR region","status":"passed","title":"should not show Reject All button in GDPR region","duration":6.46387500000003,"failureMessages":[],"meta":{}},{"ancestorTitles":["CookieBanner Component","Region-Specific Behavior Tests"],"fullName":"CookieBanner Component Region-Specific Behavior Tests should show Reject All button in CCPA region","status":"passed","title":"should show Reject All button in CCPA region","duration":6.819417000000044,"failureMessages":[],"meta":{}},{"ancestorTitles":["CookieBanner Component","Region-Specific Behavior Tests"],"fullName":"CookieBanner Component Region-Specific Behavior Tests should show Reject All button in general region","status":"passed","title":"should show Reject All button in general region","duration":4.91270899999995,"failureMessages":[],"meta":{}},{"ancestorTitles":["CookieBanner Component","Region-Specific Behavior Tests"],"fullName":"CookieBanner Component Region-Specific Behavior Tests should display correct learn more text for each region","status":"passed","title":"should display correct learn more text for each region","duration":16.52745900000002,"failureMessages":[],"meta":{}},{"ancestorTitles":["CookieBanner Component","Region-Specific Behavior Tests"],"fullName":"CookieBanner Component Region-Specific Behavior Tests should handle region detection failures gracefully","status":"passed","title":"should handle region detection failures gracefully","duration":7.34375,"failureMessages":[],"meta":{}},{"ancestorTitles":["CookieBanner Component","Region-Specific Behavior Tests"],"fullName":"CookieBanner Component Region-Specific Behavior Tests should handle mixed region detection results","status":"passed","title":"should handle mixed region detection results","duration":4.907083000000057,"failureMessages":[],"meta":{}},{"ancestorTitles":["CookieBanner Component","Region-Specific Behavior Tests"],"fullName":"CookieBanner Component Region-Specific Behavior Tests should update region state correctly","status":"passed","title":"should update region state correctly","duration":4.182458999999994,"failureMessages":[],"meta":{}},{"ancestorTitles":["CookieBanner Component","Region-Specific Behavior Tests"],"fullName":"CookieBanner Component Region-Specific Behavior Tests should maintain region consistency throughout component lifecycle","status":"passed","title":"should maintain region consistency throughout component lifecycle","duration":28.067709000000036,"failureMessages":[],"meta":{}},{"ancestorTitles":["CookieBanner Component","User Interaction and Consent Handling Tests"],"fullName":"CookieBanner Component User Interaction and Consent Handling Tests should handle Accept All button click","status":"passed","title":"should handle Accept All button click","duration":17.78945800000008,"failureMessages":[],"meta":{}},{"ancestorTitles":["CookieBanner Component","User Interaction and Consent Handling Tests"],"fullName":"CookieBanner Component User Interaction and Consent Handling Tests should handle Reject All button click","status":"passed","title":"should handle Reject All button click","duration":18.206375000000094,"failureMessages":[],"meta":{}},{"ancestorTitles":["CookieBanner Component","User Interaction and Consent Handling Tests"],"fullName":"CookieBanner Component User Interaction and Consent Handling Tests should toggle details view when Customize button is clicked","status":"passed","title":"should toggle details view when Customize button is clicked","duration":30.98558300000002,"failureMessages":[],"meta":{}},{"ancestorTitles":["CookieBanner Component","User Interaction and Consent Handling Tests"],"fullName":"CookieBanner Component User Interaction and Consent Handling Tests should display correct chevron icons based on details state","status":"passed","title":"should display correct chevron icons based on details state","duration":17.761249999999905,"failureMessages":[],"meta":{}},{"ancestorTitles":["CookieBanner Component","User Interaction and Consent Handling Tests"],"fullName":"CookieBanner Component User Interaction and Consent Handling Tests should handle Save Preferences button click","status":"passed","title":"should handle Save Preferences button click","duration":35.70762500000001,"failureMessages":[],"meta":{}},{"ancestorTitles":["CookieBanner Component","User Interaction and Consent Handling Tests"],"fullName":"CookieBanner Component User Interaction and Consent Handling Tests should handle Cancel button in preferences","status":"passed","title":"should handle Cancel button in preferences","duration":24.188417000000072,"failureMessages":[],"meta":{}},{"ancestorTitles":["CookieBanner Component","User Interaction and Consent Handling Tests"],"fullName":"CookieBanner Component User Interaction and Consent Handling Tests should show loading states during consent operations","status":"passed","title":"should show loading states during consent operations","duration":7.752333999999905,"failureMessages":[],"meta":{}},{"ancestorTitles":["CookieBanner Component","User Interaction and Consent Handling Tests"],"fullName":"CookieBanner Component User Interaction and Consent Handling Tests should disable buttons during loading","status":"passed","title":"should disable buttons during loading","duration":7.15137500000003,"failureMessages":[],"meta":{}},{"ancestorTitles":["CookieBanner Component","User Interaction and Consent Handling Tests"],"fullName":"CookieBanner Component User Interaction and Consent Handling Tests should handle cookie category toggle","status":"passed","title":"should handle cookie category toggle","duration":28.392208999999866,"failureMessages":[],"meta":{}},{"ancestorTitles":["CookieBanner Component","User Interaction and Consent Handling Tests"],"fullName":"CookieBanner Component User Interaction and Consent Handling Tests should prevent toggling necessary cookies","status":"passed","title":"should prevent toggling necessary cookies","duration":13.751999999999953,"failureMessages":[],"meta":{}},{"ancestorTitles":["CookieBanner Component","User Interaction and Consent Handling Tests"],"fullName":"CookieBanner Component User Interaction and Consent Handling Tests should maintain consent state across interactions","status":"passed","title":"should maintain consent state across interactions","duration":48.54724999999985,"failureMessages":[],"meta":{}},{"ancestorTitles":["CookieBanner Component","User Interaction and Consent Handling Tests"],"fullName":"CookieBanner Component User Interaction and Consent Handling Tests should handle rapid user interactions gracefully","status":"passed","title":"should handle rapid user interactions gracefully","duration":36.58558300000004,"failureMessages":[],"meta":{}},{"ancestorTitles":["CookieBanner Component","Preferences Customization Tests"],"fullName":"CookieBanner Component Preferences Customization Tests should display all cookie categories","status":"passed","title":"should display all cookie categories","duration":14.173457999999982,"failureMessages":[],"meta":{}},{"ancestorTitles":["CookieBanner Component","Preferences Customization Tests"],"fullName":"CookieBanner Component Preferences Customization Tests should display category descriptions","status":"passed","title":"should display category descriptions","duration":14.014916000000085,"failureMessages":[],"meta":{}},{"ancestorTitles":["CookieBanner Component","Preferences Customization Tests"],"fullName":"CookieBanner Component Preferences Customization Tests should show required indicator for necessary cookies","status":"passed","title":"should show required indicator for necessary cookies","duration":13.645583999999872,"failureMessages":[],"meta":{}},{"ancestorTitles":["CookieBanner Component","Preferences Customization Tests"],"fullName":"CookieBanner Component Preferences Customization Tests should have proper checkbox states initially","status":"passed","title":"should have proper checkbox states initially","duration":16.29012499999999,"failureMessages":[],"meta":{}},{"ancestorTitles":["CookieBanner Component","Preferences Customization Tests"],"fullName":"CookieBanner Component Preferences Customization Tests should expand cookie details when clicked","status":"passed","title":"should expand cookie details when clicked","duration":38.447708999999804,"failureMessages":[],"meta":{}},{"ancestorTitles":["CookieBanner Component","Preferences Customization Tests"],"fullName":"CookieBanner Component Preferences Customization Tests should handle multiple category toggles","status":"passed","title":"should handle multiple category toggles","duration":39.98962499999993,"failureMessages":[],"meta":{}},{"ancestorTitles":["CookieBanner Component","Preferences Customization Tests"],"fullName":"CookieBanner Component Preferences Customization Tests should maintain correct consent object structure","status":"passed","title":"should maintain correct consent object structure","duration":56.359916999999996,"failureMessages":[],"meta":{}},{"ancestorTitles":["CookieBanner Component","Preferences Customization Tests"],"fullName":"CookieBanner Component Preferences Customization Tests should disable checkboxes during loading","status":"passed","title":"should disable checkboxes during loading","duration":21.36025000000018,"failureMessages":[],"meta":{}},{"ancestorTitles":["CookieBanner Component","Preferences Customization Tests"],"fullName":"CookieBanner Component Preferences Customization Tests should have proper form structure and accessibility","status":"passed","title":"should have proper form structure and accessibility","duration":18.66733299999987,"failureMessages":[],"meta":{}},{"ancestorTitles":["CookieBanner Component","Preferences Customization Tests"],"fullName":"CookieBanner Component Preferences Customization Tests should handle category validation correctly","status":"passed","title":"should handle category validation correctly","duration":18.187124999999924,"failureMessages":[],"meta":{}},{"ancestorTitles":["CookieBanner Component","Accessibility and Form Controls Tests"],"fullName":"CookieBanner Component Accessibility and Form Controls Tests should have proper form labels and associations","status":"passed","title":"should have proper form labels and associations","duration":19.44374999999991,"failureMessages":[],"meta":{}},{"ancestorTitles":["CookieBanner Component","Accessibility and Form Controls Tests"],"fullName":"CookieBanner Component Accessibility and Form Controls Tests should support keyboard navigation","status":"passed","title":"should support keyboard navigation","duration":9.927124999999933,"failureMessages":[],"meta":{}},{"ancestorTitles":["CookieBanner Component","Accessibility and Form Controls Tests"],"fullName":"CookieBanner Component Accessibility and Form Controls Tests should have proper button roles and attributes","status":"passed","title":"should have proper button roles and attributes","duration":4.851542000000109,"failureMessages":[],"meta":{}},{"ancestorTitles":["CookieBanner Component","Accessibility and Form Controls Tests"],"fullName":"CookieBanner Component Accessibility and Form Controls Tests should have accessible button text","status":"passed","title":"should have accessible button text","duration":8.935375000000022,"failureMessages":[],"meta":{}},{"ancestorTitles":["CookieBanner Component","Accessibility and Form Controls Tests"],"fullName":"CookieBanner Component Accessibility and Form Controls Tests should handle focus management correctly","status":"passed","title":"should handle focus management correctly","duration":26.307583000000022,"failureMessages":[],"meta":{}},{"ancestorTitles":["CookieBanner Component","Accessibility and Form Controls Tests"],"fullName":"CookieBanner Component Accessibility and Form Controls Tests should have proper semantic structure","status":"passed","title":"should have proper semantic structure","duration":4.910291999999799,"failureMessages":[],"meta":{}},{"ancestorTitles":["CookieBanner Component","Accessibility and Form Controls Tests"],"fullName":"CookieBanner Component Accessibility and Form Controls Tests should provide proper form feedback","status":"passed","title":"should provide proper form feedback","duration":15.27624999999989,"failureMessages":[],"meta":{}},{"ancestorTitles":["CookieBanner Component","Accessibility and Form Controls Tests"],"fullName":"CookieBanner Component Accessibility and Form Controls Tests should handle screen reader compatibility","status":"passed","title":"should handle screen reader compatibility","duration":11.764916999999969,"failureMessages":[],"meta":{}},{"ancestorTitles":["CookieBanner Component","Accessibility and Form Controls Tests"],"fullName":"CookieBanner Component Accessibility and Form Controls Tests should maintain proper tab order","status":"passed","title":"should maintain proper tab order","duration":6.126500000000078,"failureMessages":[],"meta":{}},{"ancestorTitles":["CookieBanner Component","UI/UX and Visual Tests"],"fullName":"CookieBanner Component UI/UX and Visual Tests should apply correct CSS classes for layout","status":"passed","title":"should apply correct CSS classes for layout","duration":11.702541999999994,"failureMessages":[],"meta":{}},{"ancestorTitles":["CookieBanner Component","UI/UX and Visual Tests"],"fullName":"CookieBanner Component UI/UX and Visual Tests should display loading text during operations","status":"passed","title":"should display loading text during operations","duration":14.636000000000195,"failureMessages":[],"meta":{}},{"ancestorTitles":["CookieBanner Component","UI/UX and Visual Tests"],"fullName":"CookieBanner Component UI/UX and Visual Tests should handle responsive layout classes","status":"passed","title":"should handle responsive layout classes","duration":2.7991669999998976,"failureMessages":[],"meta":{}},{"ancestorTitles":["CookieBanner Component","UI/UX and Visual Tests"],"fullName":"CookieBanner Component UI/UX and Visual Tests should apply proper button styling","status":"passed","title":"should apply proper button styling","duration":3.920124999999871,"failureMessages":[],"meta":{}},{"ancestorTitles":["CookieBanner Component","UI/UX and Visual Tests"],"fullName":"CookieBanner Component UI/UX and Visual Tests should handle custom className correctly","status":"passed","title":"should handle custom className correctly","duration":4.397375000000011,"failureMessages":[],"meta":{}},{"ancestorTitles":["CookieBanner Component","UI/UX and Visual Tests"],"fullName":"CookieBanner Component UI/UX and Visual Tests should show appropriate visual feedback for disabled states","status":"passed","title":"should show appropriate visual feedback for disabled states","duration":5.17775000000006,"failureMessages":[],"meta":{}},{"ancestorTitles":["CookieBanner Component","UI/UX and Visual Tests"],"fullName":"CookieBanner Component UI/UX and Visual Tests should maintain visual consistency across states","status":"passed","title":"should maintain visual consistency across states","duration":15.982375000000047,"failureMessages":[],"meta":{}},{"ancestorTitles":["CookieBanner Component","Edge Cases and Error Handling Tests"],"fullName":"CookieBanner Component Edge Cases and Error Handling Tests should handle async operation failures gracefully","status":"passed","title":"should handle async operation failures gracefully","duration":8.066167000000178,"failureMessages":[],"meta":{}},{"ancestorTitles":["CookieBanner Component","Edge Cases and Error Handling Tests"],"fullName":"CookieBanner Component Edge Cases and Error Handling Tests should handle component unmounting during async operations","status":"passed","title":"should handle component unmounting during async operations","duration":4.547166000000061,"failureMessages":[],"meta":{}},{"ancestorTitles":["CookieBanner Component","Edge Cases and Error Handling Tests"],"fullName":"CookieBanner Component Edge Cases and Error Handling Tests should handle invalid region detection responses","status":"passed","title":"should handle invalid region detection responses","duration":2.4282499999999345,"failureMessages":[],"meta":{}},{"ancestorTitles":["CookieBanner Component","Edge Cases and Error Handling Tests"],"fullName":"CookieBanner Component Edge Cases and Error Handling Tests should handle missing cookie categories gracefully","status":"passed","title":"should handle missing cookie categories gracefully","duration":3.977040999999872,"failureMessages":[],"meta":{}},{"ancestorTitles":["CookieBanner Component","Edge Cases and Error Handling Tests"],"fullName":"CookieBanner Component Edge Cases and Error Handling Tests should handle rapid state changes","status":"passed","title":"should handle rapid state changes","duration":33.359042000000045,"failureMessages":[],"meta":{}},{"ancestorTitles":["CookieBanner Component","Edge Cases and Error Handling Tests"],"fullName":"CookieBanner Component Edge Cases and Error Handling Tests should handle consent operation timeouts","status":"passed","title":"should handle consent operation timeouts","duration":7.276665999999977,"failureMessages":[],"meta":{}},{"ancestorTitles":["CookieBanner Component","Edge Cases and Error Handling Tests"],"fullName":"CookieBanner Component Edge Cases and Error Handling Tests should maintain state consistency during error conditions","status":"passed","title":"should maintain state consistency during error conditions","duration":14.13395800000012,"failureMessages":[],"meta":{}},{"ancestorTitles":["CookieBanner Component","Edge Cases and Error Handling Tests"],"fullName":"CookieBanner Component Edge Cases and Error Handling Tests should handle browser storage limitations","status":"passed","title":"should handle browser storage limitations","duration":4.126749999999902,"failureMessages":[],"meta":{}}],"startTime":1754419559659,"endTime":1754419560629.1267,"status":"passed","message":"","name":"/Users/pingel/git_repos/github.com/The-AI-Alliance/semiont/apps/frontend/src/components/__tests__/CookieBanner.test.tsx"},{"assertionResults":[{"ancestorTitles":["CookiePreferences - Comprehensive Tests"],"fullName":"CookiePreferences - Comprehensive Tests should not render when isOpen is false","status":"passed","title":"should not render when isOpen is false","duration":9.201542000000018,"failureMessages":[],"meta":{}},{"ancestorTitles":["CookiePreferences - Comprehensive Tests"],"fullName":"CookiePreferences - Comprehensive Tests should render basic content when isOpen is true","status":"passed","title":"should render basic content when isOpen is true","duration":23.630083000000013,"failureMessages":[],"meta":{}},{"ancestorTitles":["CookiePreferences - Comprehensive Tests"],"fullName":"CookiePreferences - Comprehensive Tests should call onClose when cancel is clicked","status":"passed","title":"should call onClose when cancel is clicked","duration":6.007083000000023,"failureMessages":[],"meta":{}},{"ancestorTitles":["CookiePreferences - Comprehensive Tests"],"fullName":"CookiePreferences - Comprehensive Tests should show all cookie categories with correct states","status":"passed","title":"should show all cookie categories with correct states","duration":7.87624999999997,"failureMessages":[],"meta":{}},{"ancestorTitles":["CookiePreferences - Comprehensive Tests"],"fullName":"CookiePreferences - Comprehensive Tests should toggle cookie preferences","status":"passed","title":"should toggle cookie preferences","duration":5.439458000000002,"failureMessages":[],"meta":{}},{"ancestorTitles":["CookiePreferences - Comprehensive Tests"],"fullName":"CookiePreferences - Comprehensive Tests should save preferences and close modal","status":"passed","title":"should save preferences and close modal","duration":4.741874999999993,"failureMessages":[],"meta":{}},{"ancestorTitles":["CookiePreferences - Comprehensive Tests"],"fullName":"CookiePreferences - Comprehensive Tests should handle data export","status":"passed","title":"should handle data export","duration":8.467917,"failureMessages":[],"meta":{}},{"ancestorTitles":["CookiePreferences - Comprehensive Tests"],"fullName":"CookiePreferences - Comprehensive Tests should show delete confirmation modal","status":"passed","title":"should show delete confirmation modal","duration":4.554542000000026,"failureMessages":[],"meta":{}},{"ancestorTitles":["CookiePreferences - Comprehensive Tests"],"fullName":"CookiePreferences - Comprehensive Tests should handle delete confirmation","status":"passed","title":"should handle delete confirmation","duration":6.966041000000018,"failureMessages":[],"meta":{}},{"ancestorTitles":["CookiePreferences - Comprehensive Tests"],"fullName":"CookiePreferences - Comprehensive Tests should display current settings info","status":"passed","title":"should display current settings info","duration":3.0171249999999645,"failureMessages":[],"meta":{}}],"startTime":1754419560242,"endTime":1754419560322.017,"status":"passed","message":"","name":"/Users/pingel/git_repos/github.com/The-AI-Alliance/semiont/apps/frontend/src/components/__tests__/CookiePreferences.simple.test.tsx"},{"assertionResults":[{"ancestorTitles":["CookiePreferences - Comprehensive Tests","Modal Visibility & State"],"fullName":"CookiePreferences - Comprehensive Tests Modal Visibility & State should not render modal when isOpen is false","status":"passed","title":"should not render modal when isOpen is false","duration":9.752875000000017,"failureMessages":[],"meta":{}},{"ancestorTitles":["CookiePreferences - Comprehensive Tests","Modal Visibility & State"],"fullName":"CookiePreferences - Comprehensive Tests Modal Visibility & State should render modal when isOpen is true","status":"passed","title":"should render modal when isOpen is true","duration":23.189499999999953,"failureMessages":[],"meta":{}},{"ancestorTitles":["CookiePreferences - Comprehensive Tests","Modal Visibility & State"],"fullName":"CookiePreferences - Comprehensive Tests Modal Visibility & State should handle null consent gracefully","status":"passed","title":"should handle null consent gracefully","duration":4.204208999999992,"failureMessages":[],"meta":{}},{"ancestorTitles":["CookiePreferences - Comprehensive Tests","Modal Visibility & State"],"fullName":"CookiePreferences - Comprehensive Tests Modal Visibility & State should close modal when cancel button is clicked","status":"passed","title":"should close modal when cancel button is clicked","duration":9.070583000000056,"failureMessages":[],"meta":{}},{"ancestorTitles":["CookiePreferences - Comprehensive Tests","Modal Visibility & State"],"fullName":"CookiePreferences - Comprehensive Tests Modal Visibility & State should close modal when clicking backdrop overlay","status":"passed","title":"should close modal when clicking backdrop overlay","duration":5.791332999999895,"failureMessages":[],"meta":{}},{"ancestorTitles":["CookiePreferences - Comprehensive Tests","Modal Visibility & State"],"fullName":"CookiePreferences - Comprehensive Tests Modal Visibility & State should render modal with proper z-index hierarchy","status":"passed","title":"should render modal with proper z-index hierarchy","duration":2.8799999999999955,"failureMessages":[],"meta":{}},{"ancestorTitles":["CookiePreferences - Comprehensive Tests","Cookie Categories Display"],"fullName":"CookiePreferences - Comprehensive Tests Cookie Categories Display should display all cookie category names","status":"passed","title":"should display all cookie category names","duration":10.935958000000028,"failureMessages":[],"meta":{}},{"ancestorTitles":["CookiePreferences - Comprehensive Tests","Cookie Categories Display"],"fullName":"CookiePreferences - Comprehensive Tests Cookie Categories Display should display category descriptions","status":"passed","title":"should display category descriptions","duration":3.2372080000000096,"failureMessages":[],"meta":{}},{"ancestorTitles":["CookiePreferences - Comprehensive Tests","Cookie Categories Display"],"fullName":"CookiePreferences - Comprehensive Tests Cookie Categories Display should show cookie counts correctly","status":"passed","title":"should show cookie counts correctly","duration":2.0788330000000315,"failureMessages":[],"meta":{}},{"ancestorTitles":["CookiePreferences - Comprehensive Tests","Cookie Categories Display"],"fullName":"CookiePreferences - Comprehensive Tests Cookie Categories Display should display \"Required\" label for necessary cookies","status":"passed","title":"should display \"Required\" label for necessary cookies","duration":2.0278749999999945,"failureMessages":[],"meta":{}},{"ancestorTitles":["CookiePreferences - Comprehensive Tests","Cookie Categories Display"],"fullName":"CookiePreferences - Comprehensive Tests Cookie Categories Display should reflect current consent state from initial load","status":"passed","title":"should reflect current consent state from initial load","duration":58.755584,"failureMessages":[],"meta":{}},{"ancestorTitles":["CookiePreferences - Comprehensive Tests","Cookie Categories Display"],"fullName":"CookiePreferences - Comprehensive Tests Cookie Categories Display should show all cookie categories in correct order","status":"passed","title":"should show all cookie categories in correct order","duration":3.6127500000000055,"failureMessages":[],"meta":{}},{"ancestorTitles":["CookiePreferences - Comprehensive Tests","Cookie Details Expansion"],"fullName":"CookiePreferences - Comprehensive Tests Cookie Details Expansion should show cookie details summary text","status":"passed","title":"should show cookie details summary text","duration":2.147083000000066,"failureMessages":[],"meta":{}},{"ancestorTitles":["CookiePreferences - Comprehensive Tests","Cookie Details Expansion"],"fullName":"CookiePreferences - Comprehensive Tests Cookie Details Expansion should show all cookie names for necessary category","status":"passed","title":"should show all cookie names for necessary category","duration":5.202707999999916,"failureMessages":[],"meta":{}},{"ancestorTitles":["CookiePreferences - Comprehensive Tests","Cookie Details Expansion"],"fullName":"CookiePreferences - Comprehensive Tests Cookie Details Expansion should show all cookie names for analytics category","status":"passed","title":"should show all cookie names for analytics category","duration":2.590041000000042,"failureMessages":[],"meta":{}},{"ancestorTitles":["CookiePreferences - Comprehensive Tests","Cookie Details Expansion"],"fullName":"CookiePreferences - Comprehensive Tests Cookie Details Expansion should show all cookie names for marketing category","status":"passed","title":"should show all cookie names for marketing category","duration":2.483457999999928,"failureMessages":[],"meta":{}},{"ancestorTitles":["CookiePreferences - Comprehensive Tests","Cookie Details Expansion"],"fullName":"CookiePreferences - Comprehensive Tests Cookie Details Expansion should show all cookie names for preferences category","status":"passed","title":"should show all cookie names for preferences category","duration":2.321792000000073,"failureMessages":[],"meta":{}},{"ancestorTitles":["CookiePreferences - Comprehensive Tests","Cookie Details Expansion"],"fullName":"CookiePreferences - Comprehensive Tests Cookie Details Expansion should render details elements with proper structure","status":"passed","title":"should render details elements with proper structure","duration":3.842791000000034,"failureMessages":[],"meta":{}},{"ancestorTitles":["CookiePreferences - Comprehensive Tests","Consent State Management"],"fullName":"CookiePreferences - Comprehensive Tests Consent State Management should disable necessary cookies checkbox and keep it checked","status":"passed","title":"should disable necessary cookies checkbox and keep it checked","duration":5.043709000000035,"failureMessages":[],"meta":{}},{"ancestorTitles":["CookiePreferences - Comprehensive Tests","Consent State Management"],"fullName":"CookiePreferences - Comprehensive Tests Consent State Management should enable non-required cookie toggles","status":"passed","title":"should enable non-required cookie toggles","duration":7.051040999999941,"failureMessages":[],"meta":{}},{"ancestorTitles":["CookiePreferences - Comprehensive Tests","Consent State Management"],"fullName":"CookiePreferences - Comprehensive Tests Consent State Management should toggle analytics consent","status":"passed","title":"should toggle analytics consent","duration":6.539749999999913,"failureMessages":[],"meta":{}},{"ancestorTitles":["CookiePreferences - Comprehensive Tests","Consent State Management"],"fullName":"CookiePreferences - Comprehensive Tests Consent State Management should toggle marketing consent","status":"passed","title":"should toggle marketing consent","duration":7.07345799999996,"failureMessages":[],"meta":{}},{"ancestorTitles":["CookiePreferences - Comprehensive Tests","Consent State Management"],"fullName":"CookiePreferences - Comprehensive Tests Consent State Management should toggle preferences consent","status":"passed","title":"should toggle preferences consent","duration":6.1935419999999795,"failureMessages":[],"meta":{}},{"ancestorTitles":["CookiePreferences - Comprehensive Tests","Consent State Management"],"fullName":"CookiePreferences - Comprehensive Tests Consent State Management should not toggle necessary cookies when clicked","status":"passed","title":"should not toggle necessary cookies when clicked","duration":5.7632919999999785,"failureMessages":[],"meta":{}},{"ancestorTitles":["CookiePreferences - Comprehensive Tests","Consent State Management"],"fullName":"CookiePreferences - Comprehensive Tests Consent State Management should maintain consent state across multiple toggles","status":"passed","title":"should maintain consent state across multiple toggles","duration":7.272083000000066,"failureMessages":[],"meta":{}},{"ancestorTitles":["CookiePreferences - Comprehensive Tests","Quick Actions"],"fullName":"CookiePreferences - Comprehensive Tests Quick Actions should accept all cookies and update UI state","status":"passed","title":"should accept all cookies and update UI state","duration":10.447125000000028,"failureMessages":[],"meta":{}},{"ancestorTitles":["CookiePreferences - Comprehensive Tests","Quick Actions"],"fullName":"CookiePreferences - Comprehensive Tests Quick Actions should reject all non-essential cookies and update UI state","status":"passed","title":"should reject all non-essential cookies and update UI state","duration":13.963750000000005,"failureMessages":[],"meta":{}},{"ancestorTitles":["CookiePreferences - Comprehensive Tests","Quick Actions"],"fullName":"CookiePreferences - Comprehensive Tests Quick Actions should disable quick action buttons when loading","status":"passed","title":"should disable quick action buttons when loading","duration":3.251125000000002,"failureMessages":[],"meta":{}},{"ancestorTitles":["CookiePreferences - Comprehensive Tests","Quick Actions"],"fullName":"CookiePreferences - Comprehensive Tests Quick Actions should maintain necessary cookies as checked after reject all","status":"passed","title":"should maintain necessary cookies as checked after reject all","duration":10.676375000000007,"failureMessages":[],"meta":{}},{"ancestorTitles":["CookiePreferences - Comprehensive Tests","Data Management - Export"],"fullName":"CookiePreferences - Comprehensive Tests Data Management - Export should render export data button with proper icon","status":"passed","title":"should render export data button with proper icon","duration":2.941791999999964,"failureMessages":[],"meta":{}},{"ancestorTitles":["CookiePreferences - Comprehensive Tests","Data Management - Export"],"fullName":"CookiePreferences - Comprehensive Tests Data Management - Export should call exportUserData when export button is clicked","status":"passed","title":"should call exportUserData when export button is clicked","duration":3.286041999999952,"failureMessages":[],"meta":{}},{"ancestorTitles":["CookiePreferences - Comprehensive Tests","Data Management - Export"],"fullName":"CookiePreferences - Comprehensive Tests Data Management - Export should create blob and download link for data export","status":"passed","title":"should create blob and download link for data export","duration":3.397166000000084,"failureMessages":[],"meta":{}},{"ancestorTitles":["CookiePreferences - Comprehensive Tests","Data Management - Export"],"fullName":"CookiePreferences - Comprehensive Tests Data Management - Export should handle data export functionality","status":"passed","title":"should handle data export functionality","duration":2.4185000000001082,"failureMessages":[],"meta":{}},{"ancestorTitles":["CookiePreferences - Comprehensive Tests","Data Management - Delete"],"fullName":"CookiePreferences - Comprehensive Tests Data Management - Delete should render delete button with proper icon and styling","status":"passed","title":"should render delete button with proper icon and styling","duration":1.9828330000000278,"failureMessages":[],"meta":{}},{"ancestorTitles":["CookiePreferences - Comprehensive Tests","Data Management - Delete"],"fullName":"CookiePreferences - Comprehensive Tests Data Management - Delete should show delete confirmation modal when delete button is clicked","status":"passed","title":"should show delete confirmation modal when delete button is clicked","duration":3.120791000000054,"failureMessages":[],"meta":{}},{"ancestorTitles":["CookiePreferences - Comprehensive Tests","Data Management - Delete"],"fullName":"CookiePreferences - Comprehensive Tests Data Management - Delete should close delete confirmation modal when cancel is clicked","status":"passed","title":"should close delete confirmation modal when cancel is clicked","duration":4.44279199999994,"failureMessages":[],"meta":{}},{"ancestorTitles":["CookiePreferences - Comprehensive Tests","Data Management - Delete"],"fullName":"CookiePreferences - Comprehensive Tests Data Management - Delete should call deleteAllUserData when confirmed","status":"passed","title":"should call deleteAllUserData when confirmed","duration":5.431124999999952,"failureMessages":[],"meta":{}},{"ancestorTitles":["CookiePreferences - Comprehensive Tests","Data Management - Delete"],"fullName":"CookiePreferences - Comprehensive Tests Data Management - Delete should render delete modal with proper z-index","status":"passed","title":"should render delete modal with proper z-index","duration":2.838124999999991,"failureMessages":[],"meta":{}},{"ancestorTitles":["CookiePreferences - Comprehensive Tests","Data Management - Delete"],"fullName":"CookiePreferences - Comprehensive Tests Data Management - Delete should show proper warning text in delete modal","status":"passed","title":"should show proper warning text in delete modal","duration":3.161583999999948,"failureMessages":[],"meta":{}},{"ancestorTitles":["CookiePreferences - Comprehensive Tests","Save Functionality"],"fullName":"CookiePreferences - Comprehensive Tests Save Functionality should save preferences with current consent state","status":"passed","title":"should save preferences with current consent state","duration":2.482458000000065,"failureMessages":[],"meta":{}},{"ancestorTitles":["CookiePreferences - Comprehensive Tests","Save Functionality"],"fullName":"CookiePreferences - Comprehensive Tests Save Functionality should save preferences with modified consent state","status":"passed","title":"should save preferences with modified consent state","duration":7.081542000000013,"failureMessages":[],"meta":{}},{"ancestorTitles":["CookiePreferences - Comprehensive Tests","Save Functionality"],"fullName":"CookiePreferences - Comprehensive Tests Save Functionality should show loading state on save button when loading","status":"passed","title":"should show loading state on save button when loading","duration":1.922584000000029,"failureMessages":[],"meta":{}},{"ancestorTitles":["CookiePreferences - Comprehensive Tests","Save Functionality"],"fullName":"CookiePreferences - Comprehensive Tests Save Functionality should generate timestamp and version when saving","status":"passed","title":"should generate timestamp and version when saving","duration":2.0698750000000246,"failureMessages":[],"meta":{}},{"ancestorTitles":["CookiePreferences - Comprehensive Tests","Current Settings Display"],"fullName":"CookiePreferences - Comprehensive Tests Current Settings Display should display current settings section with shield icon","status":"passed","title":"should display current settings section with shield icon","duration":1.8302499999999782,"failureMessages":[],"meta":{}},{"ancestorTitles":["CookiePreferences - Comprehensive Tests","Current Settings Display"],"fullName":"CookiePreferences - Comprehensive Tests Current Settings Display should show last updated date","status":"passed","title":"should show last updated date","duration":2.141124999999988,"failureMessages":[],"meta":{}},{"ancestorTitles":["CookiePreferences - Comprehensive Tests","Current Settings Display"],"fullName":"CookiePreferences - Comprehensive Tests Current Settings Display should show version information","status":"passed","title":"should show version information","duration":1.717290999999932,"failureMessages":[],"meta":{}},{"ancestorTitles":["CookiePreferences - Comprehensive Tests","Current Settings Display"],"fullName":"CookiePreferences - Comprehensive Tests Current Settings Display should handle different date formats","status":"passed","title":"should handle different date formats","duration":6.618124999999964,"failureMessages":[],"meta":{}},{"ancestorTitles":["CookiePreferences - Comprehensive Tests","Current Settings Display"],"fullName":"CookiePreferences - Comprehensive Tests Current Settings Display should handle invalid timestamp gracefully","status":"passed","title":"should handle invalid timestamp gracefully","duration":1.9847080000000688,"failureMessages":[],"meta":{}},{"ancestorTitles":["CookiePreferences - Comprehensive Tests","Component Layout & Styling"],"fullName":"CookiePreferences - Comprehensive Tests Component Layout & Styling should render main modal with proper styling classes","status":"passed","title":"should render main modal with proper styling classes","duration":1.9108750000000327,"failureMessages":[],"meta":{}},{"ancestorTitles":["CookiePreferences - Comprehensive Tests","Component Layout & Styling"],"fullName":"CookiePreferences - Comprehensive Tests Component Layout & Styling should render data management section with proper grid layout","status":"passed","title":"should render data management section with proper grid layout","duration":1.9230420000000095,"failureMessages":[],"meta":{}},{"ancestorTitles":["CookiePreferences - Comprehensive Tests","Component Layout & Styling"],"fullName":"CookiePreferences - Comprehensive Tests Component Layout & Styling should render quick actions with proper flex layout","status":"passed","title":"should render quick actions with proper flex layout","duration":1.651666999999975,"failureMessages":[],"meta":{}},{"ancestorTitles":["CookiePreferences - Comprehensive Tests","Component Layout & Styling"],"fullName":"CookiePreferences - Comprehensive Tests Component Layout & Styling should render action buttons with proper flex layout","status":"passed","title":"should render action buttons with proper flex layout","duration":1.3774579999999332,"failureMessages":[],"meta":{}},{"ancestorTitles":["CookiePreferences - Comprehensive Tests","Component Layout & Styling"],"fullName":"CookiePreferences - Comprehensive Tests Component Layout & Styling should use proper spacing and borders for categories","status":"passed","title":"should use proper spacing and borders for categories","duration":1.5442079999999123,"failureMessages":[],"meta":{}},{"ancestorTitles":["CookiePreferences - Comprehensive Tests","Accessibility & User Experience"],"fullName":"CookiePreferences - Comprehensive Tests Accessibility & User Experience should have proper heading hierarchy","status":"passed","title":"should have proper heading hierarchy","duration":4.41599999999994,"failureMessages":[],"meta":{}},{"ancestorTitles":["CookiePreferences - Comprehensive Tests","Accessibility & User Experience"],"fullName":"CookiePreferences - Comprehensive Tests Accessibility & User Experience should have proper form controls with labels","status":"passed","title":"should have proper form controls with labels","duration":4.651458000000048,"failureMessages":[],"meta":{}},{"ancestorTitles":["CookiePreferences - Comprehensive Tests","Accessibility & User Experience"],"fullName":"CookiePreferences - Comprehensive Tests Accessibility & User Experience should have proper button types","status":"passed","title":"should have proper button types","duration":2.3576249999999845,"failureMessages":[],"meta":{}},{"ancestorTitles":["CookiePreferences - Comprehensive Tests","Accessibility & User Experience"],"fullName":"CookiePreferences - Comprehensive Tests Accessibility & User Experience should provide informative descriptions","status":"passed","title":"should provide informative descriptions","duration":2.142791999999986,"failureMessages":[],"meta":{}},{"ancestorTitles":["CookiePreferences - Comprehensive Tests","Accessibility & User Experience"],"fullName":"CookiePreferences - Comprehensive Tests Accessibility & User Experience should maintain focus management for modal interaction","status":"passed","title":"should maintain focus management for modal interaction","duration":6.7803330000000415,"failureMessages":[],"meta":{}},{"ancestorTitles":["CookiePreferences - Comprehensive Tests","Edge Cases & Error Handling"],"fullName":"CookiePreferences - Comprehensive Tests Edge Cases & Error Handling should handle null consent gracefully on save","status":"passed","title":"should handle null consent gracefully on save","duration":2.2668750000000273,"failureMessages":[],"meta":{}},{"ancestorTitles":["CookiePreferences - Comprehensive Tests","Edge Cases & Error Handling"],"fullName":"CookiePreferences - Comprehensive Tests Edge Cases & Error Handling should handle consent state changes during modal lifecycle","status":"passed","title":"should handle consent state changes during modal lifecycle","duration":5.342500000000086,"failureMessages":[],"meta":{}},{"ancestorTitles":["CookiePreferences - Comprehensive Tests","Edge Cases & Error Handling"],"fullName":"CookiePreferences - Comprehensive Tests Edge Cases & Error Handling should handle very long cookie names gracefully","status":"passed","title":"should handle very long cookie names gracefully","duration":4.174292000000037,"failureMessages":[],"meta":{}},{"ancestorTitles":["CookiePreferences - Comprehensive Tests","Edge Cases & Error Handling"],"fullName":"CookiePreferences - Comprehensive Tests Edge Cases & Error Handling should handle component rendering edge cases","status":"passed","title":"should handle component rendering edge cases","duration":2.263708000000065,"failureMessages":[],"meta":{}}],"startTime":1754419559610,"endTime":1754419559953.2637,"status":"passed","message":"","name":"/Users/pingel/git_repos/github.com/The-AI-Alliance/semiont/apps/frontend/src/components/__tests__/CookiePreferences.test.tsx"},{"assertionResults":[{"ancestorTitles":["ErrorBoundary","Normal Rendering"],"fullName":"ErrorBoundary Normal Rendering should render children when no error occurs","status":"passed","title":"should render children when no error occurs","duration":13.46516600000001,"failureMessages":[],"meta":{}},{"ancestorTitles":["ErrorBoundary","Normal Rendering"],"fullName":"ErrorBoundary Normal Rendering should render multiple children normally","status":"passed","title":"should render multiple children normally","duration":1.4014999999999986,"failureMessages":[],"meta":{}},{"ancestorTitles":["ErrorBoundary","Error Handling"],"fullName":"ErrorBoundary Error Handling should catch and display default error UI when child throws","status":"passed","title":"should catch and display default error UI when child throws","duration":
[...]
"title":"should handle NextAuth initialization without errors","duration":0.042582999999979165,"failureMessages":[],"meta":{}},{"ancestorTitles":["NextAuth Route Handler","TypeScript Integration"],"fullName":"NextAuth Route Handler TypeScript Integration should export handlers with correct types","status":"passed","title":"should export handlers with correct types","duration":0.04070899999999256,"failureMessages":[],"meta":{}},{"ancestorTitles":["NextAuth Route Handler","TypeScript Integration"],"fullName":"NextAuth Route Handler TypeScript Integration should maintain NextAuth handler signature","status":"passed","title":"should maintain NextAuth handler signature","duration":0.03516700000000128,"failureMessages":[],"meta":{}},{"ancestorTitles":["NextAuth Route Handler","Next.js Compatibility"],"fullName":"NextAuth Route Handler Next.js Compatibility should work with Next.js App Router","status":"passed","title":"should work with Next.js App Router","duration":0.04258300000003601,"failureMessages":[],"meta":{}},{"ancestorTitles":["NextAuth Route Handler","Next.js Compatibility"],"fullName":"NextAuth Route Handler Next.js Compatibility should follow catch-all route pattern","status":"passed","title":"should follow catch-all route pattern","duration":0.030041999999980362,"failureMessages":[],"meta":{}},{"ancestorTitles":["NextAuth Route Handler","Security Considerations"],"fullName":"NextAuth Route Handler Security Considerations should use the same handler for both GET and POST","status":"passed","title":"should use the same handler for both GET and POST","duration":0.030040999999982887,"failureMessages":[],"meta":{}},{"ancestorTitles":["NextAuth Route Handler","Security Considerations"],"fullName":"NextAuth Route Handler Security Considerations should not expose auth options directly","status":"passed","title":"should not expose auth options directly","duration":0.06395899999995436,"failureMessages":[],"meta":{}},{"ancestorTitles":["NextAuth Route Handler","Development vs Production"],"fullName":"NextAuth Route Handler Development vs Production should work in both environments","status":"passed","title":"should work in both environments","duration":0.050583999999957996,"failureMessages":[],"meta":{}}],"startTime":1754419561253,"endTime":1754419561256.1047,"status":"passed","message":"","name":"/Users/pingel/git_repos/github.com/The-AI-Alliance/semiont/apps/frontend/src/app/api/auth/[...nextauth]/__tests__/route.test.ts"},{"assertionResults":[{"ancestorTitles":["Cookie Consent API - Basic Logic Tests","Authentication Logic"],"fullName":"Cookie Consent API - Basic Logic Tests Authentication Logic should handle unauthenticated requests","status":"passed","title":"should handle unauthenticated requests","duration":0.7625419999999963,"failureMessages":[],"meta":{}},{"ancestorTitles":["Cookie Consent API - Basic Logic Tests","Authentication Logic"],"fullName":"Cookie Consent API - Basic Logic Tests Authentication Logic should handle authenticated requests","status":"passed","title":"should handle authenticated requests","duration":0.16783299999997325,"failureMessages":[],"meta":{}},{"ancestorTitles":["Cookie Consent API - Basic Logic Tests","Consent Data Validation"],"fullName":"Cookie Consent API - Basic Logic Tests Consent Data Validation should validate consent data structure","status":"passed","title":"should validate consent data structure","duration":0.10800000000000409,"failureMessages":[],"meta":{}},{"ancestorTitles":["Cookie Consent API - Basic Logic Tests","Consent Data Validation"],"fullName":"Cookie Consent API - Basic Logic Tests Consent Data Validation should reject invalid consent data","status":"passed","title":"should reject invalid consent data","duration":0.063541999999984,"failureMessages":[],"meta":{}},{"ancestorTitles":["Cookie Consent API - Basic Logic Tests","Consent Data Validation"],"fullName":"Cookie Consent API - Basic Logic Tests Consent Data Validation should require necessary cookies","status":"passed","title":"should require necessary cookies","duration":0.05437499999999318,"failureMessages":[],"meta":{}},{"ancestorTitles":["Cookie Consent API - Basic Logic Tests","Response Data Structure"],"fullName":"Cookie Consent API - Basic Logic Tests Response Data Structure should include timestamp and version in consent response","status":"passed","title":"should include timestamp and version in consent response","duration":0.2627079999999751,"failureMessages":[],"meta":{}},{"ancestorTitles":["Cookie Consent API - Basic Logic Tests","Response Data Structure"],"fullName":"Cookie Consent API - Basic Logic Tests Response Data Structure should format timestamps as ISO strings","status":"passed","title":"should format timestamps as ISO strings","duration":0.14458300000001145,"failureMessages":[],"meta":{}},{"ancestorTitles":["Cookie Consent API - Basic Logic Tests","Error Handling"],"fullName":"Cookie Consent API - Basic Logic Tests Error Handling should handle JSON parsing errors","status":"passed","title":"should handle JSON parsing errors","duration":0.05925000000002001,"failureMessages":[],"meta":{}},{"ancestorTitles":["Cookie Consent API - Basic Logic Tests","Error Handling"],"fullName":"Cookie Consent API - Basic Logic Tests Error Handling should handle missing required fields","status":"passed","title":"should handle missing required fields","duration":0.05545799999998735,"failureMessages":[],"meta":{}}],"startTime":1754419561280,"endTime":1754419561282.0593,"status":"passed","message":"","name":"/Users/pingel/git_repos/github.com/The-AI-Alliance/semiont/apps/frontend/src/app/api/cookies/consent/__tests__/route.basic.test.ts"},{"assertionResults":[{"ancestorTitles":["/api/cookies/consent","GET /api/cookies/consent"],"fullName":"/api/cookies/consent GET /api/cookies/consent should return consent data for authenticated user","status":"passed","title":"should return consent data for authenticated user","duration":4.209167000000036,"failureMessages":[],"meta":{}},{"ancestorTitles":["/api/cookies/consent","GET /api/cookies/consent"],"fullName":"/api/cookies/consent GET /api/cookies/consent should return 401 for unauthenticated user","status":"passed","title":"should return 401 for unauthenticated user","duration":0.6490420000000086,"failureMessages":[],"meta":{}},{"ancestorTitles":["/api/cookies/consent","GET /api/cookies/consent"],"fullName":"/api/cookies/consent GET /api/cookies/consent should return 401 for user without backendUser","status":"passed","title":"should return 401 for user without backendUser","duration":0.4980000000000473,"failureMessages":[],"meta":{}},{"ancestorTitles":["/api/cookies/consent","GET /api/cookies/consent"],"fullName":"/api/cookies/consent GET /api/cookies/consent should handle server errors gracefully","status":"passed","title":"should handle server errors gracefully","duration":1.823000000000036,"failureMessages":[],"meta":{}},{"ancestorTitles":["/api/cookies/consent","POST /api/cookies/consent"],"fullName":"/api/cookies/consent POST /api/cookies/consent should update consent preferences","status":"passed","title":"should update consent preferences","duration":0.9887079999999742,"failureMessages":[],"meta":{}},{"ancestorTitles":["/api/cookies/consent","POST /api/cookies/consent"],"fullName":"/api/cookies/consent POST /api/cookies/consent should reject request with invalid consent data","status":"passed","title":"should reject request with invalid consent data","duration":0.6320410000000152,"failureMessages":[],"meta":{}},{"ancestorTitles":["/api/cookies/consent","POST /api/cookies/consent"],"fullName":"/api/cookies/consent POST /api/cookies/consent should reject request with necessary cookies disabled","status":"passed","title":"should reject request with necessary cookies disabled","duration":0.9544169999999781,"failureMessages":[],"meta":{}},{"ancestorTitles":["/api/cookies/consent","POST /api/cookies/consent"],"fullName":"/api/cookies/consent POST /api/cookies/consent should return 401 for unauthenticated user","status":"passed","title":"should return 401 for unauthenticated user","duration":0.5777089999999703,"failureMessages":[],"meta":{}},{"ancestorTitles":["/api/cookies/consent","POST /api/cookies/consent"],"fullName":"/api/cookies/consent POST /api/cookies/consent should handle malformed JSON gracefully","status":"passed","title":"should handle malformed JSON gracefully","duration":1.2941250000000082,"failureMessages":[],"meta":{}},{"ancestorTitles":["/api/cookies/consent","POST /api/cookies/consent"],"fullName":"/api/cookies/consent POST /api/cookies/consent should handle missing required fields","status":"passed","title":"should handle missing required fields","duration":0.4167499999999791,"failureMessages":[],"meta":{}},{"ancestorTitles":["/api/cookies/consent","POST /api/cookies/consent"],"fullName":"/api/cookies/consent POST /api/cookies/consent should handle server errors during save","status":"passed","title":"should handle server errors during save","duration":0.6711670000000254,"failureMessages":[],"meta":{}}],"startTime":1754419561196,"endTime":1754419561208.6711,"status":"passed","message":"","name":"/Users/pingel/git_repos/github.com/The-AI-Alliance/semiont/apps/frontend/src/app/api/cookies/consent/__tests__/route.test.ts"},{"assertionResults":[{"ancestorTitles":["Cookie Export API - Basic Logic Tests","Authentication Logic"],"fullName":"Cookie Export API - Basic Logic Tests Authentication Logic should handle unauthenticated requests","status":"passed","title":"should handle unauthenticated requests","duration":0.5693329999999719,"failureMessages":[],"meta":{}},{"ancestorTitles":["Cookie Export API - Basic Logic Tests","Authentication Logic"],"fullName":"Cookie Export API - Basic Logic Tests Authentication Logic should handle authenticated requests","status":"passed","title":"should handle authenticated requests","duration":0.17958300000003646,"failureMessages":[],"meta":{}},{"ancestorTitles":["Cookie Export API - Basic Logic Tests","Export Data Structure"],"fullName":"Cookie Export API - Basic Logic Tests Export Data Structure should create proper export data structure","status":"passed","title":"should create proper export data structure","duration":0.6550000000000296,"failureMessages":[],"meta":{}},{"ancestorTitles":["Cookie Export API - Basic Logic Tests","Export Data Structure"],"fullName":"Cookie Export API - Basic Logic Tests Export Data Structure should format export data as JSON","status":"passed","title":"should format export data as JSON","duration":0.4044590000000312,"failureMessages":[],"meta":{}},{"ancestorTitles":["Cookie Export API - Basic Logic Tests","File Download Headers"],"fullName":"Cookie Export API - Basic Logic Tests File Download Headers should generate proper download headers","status":"passed","title":"should generate proper download headers","duration":0.09199999999998454,"failureMessages":[],"meta":{}},{"ancestorTitles":["Cookie Export API - Basic Logic Tests","File Download Headers"],"fullName":"Cookie Export API - Basic Logic Tests File Download Headers should generate unique filenames","status":"passed","title":"should generate unique filenames","duration":0.18074999999998909,"failureMessages":[],"meta":{}},{"ancestorTitles":["Cookie Export API - Basic Logic Tests","Data Retention Policy"],"fullName":"Cookie Export API - Basic Logic Tests Data Retention Policy should include data retention information","status":"passed","title":"should include data retention information","duration":0.09458399999999756,"failureMessages":[],"meta":{}},{"ancestorTitles":["Cookie Export API - Basic Logic Tests","ISO Date Formatting"],"fullName":"Cookie Export API - Basic Logic Tests ISO Date Formatting should format dates as ISO strings","status":"passed","title":"should format dates as ISO strings","duration":0.06758300000001327,"failureMessages":[],"meta":{}},{"ancestorTitles":["Cookie Export API - Basic Logic Tests","ISO Date Formatting"],"fullName":"Cookie Export API - Basic Logic Tests ISO Date Formatting should create consistent timestamps","status":"passed","title":"should create consistent timestamps","duration":0.11716699999999491,"failureMessages":[],"meta":{}}],"startTime":1754419561264,"endTime":1754419561266.4045,"status":"passed","message":"","name":"/Users/pingel/git_repos/github.com/The-AI-Alliance/semiont/apps/frontend/src/app/api/cookies/export/__tests__/route.basic.test.ts"},{"assertionResults":[{"ancestorTitles":["Cookies Export Route","Authentication"],"fullName":"Cookies Export Route Authentication should return 401 when no session exists","status":"passed","title":"should return 401 when no session exists","duration":2.732332999999983,"failureMessages":[],"meta":{}},{"ancestorTitles":["Cookies Export Route","Authentication"],"fullName":"Cookies Export Route Authentication should return 401 when session exists but no backendUser","status":"passed","title":"should return 401 when session exists but no backendUser","duration":0.4151249999999891,"failureMessages":[],"meta":{}},{"ancestorTitles":["Cookies Export Route","Authentication"],"fullName":"Cookies Export Route Authentication should call getServerSession with auth options","status":"passed","title":"should call getServerSession with auth options","duration":0.4996669999999881,"failureMessages":[],"meta":{}},{"ancestorTitles":["Cookies Export Route","Successful Export"],"fullName":"Cookies Export Route Successful Export should return cookie export data with correct structure","status":"passed","title":"should return cookie export data with correct structure","duration":0.28454199999998764,"failureMessages":[],"meta":{}},{"ancestorTitles":["Cookies Export Route","Successful Export"],"fullName":"Cookies Export Route Successful Export should include user data from backend session","status":"passed","title":"should include user data from backend session","duration":0.22762499999998909,"failureMessages":[],"meta":{}},{"ancestorTitles":["Cookies Export Route","Successful Export"],"fullName":"Cookies Export Route Successful Export should include consent data with proper defaults","status":"passed","title":"should include consent data with proper defaults","duration":0.2055000000000291,"failureMessages":[],"meta":{}},{"ancestorTitles":["Cookies Export Route","Successful Export"],"fullName":"Cookies Export Route Successful Export should include current timestamp for export date","status":"passed","title":"should include current timestamp for export date","duration":0.1817919999999731,"failureMessages":[],"meta":{}},{"ancestorTitles":["Cookies Export Route","Successful Export"],"fullName":"Cookies Export Route Successful Export should include data retention policy","status":"passed","title":"should include data retention policy","duration":0.17591600000002927,"failureMessages":[],"meta":{}},{"ancestorTitles":["Cookies Export Route","Response Headers"],"fullName":"Cookies Export Route Response Headers should set correct Content-Type header","status":"passed","title":"should set correct Content-Type header","duration":0.16583300000002055,"failureMessages":[],"meta":{}},{"ancestorTitles":["Cookies Export Route","Response Headers"],"fullName":"Cookies Export Route Response Headers should set Content-Disposition header for file download","status":"passed","title":"should set Content-Disposition header for file download","duration":0.23112500000002,"failureMessages":[],"meta":{}},{"ancestorTitles":["Cookies Export Route","Response Headers"],"fullName":"Cookies Export Route Response Headers should generate unique filename with timestamp","status":"passed","title":"should generate unique filename with timestamp","duration":0.2394170000000031,"failureMessages":[],"meta":{}},{"ancestorTitles":["Cookies Export Route","Response Format"],"fullName":"Cookies Export Route Response Format should return properly formatted JSON","status":"passed","title":"should return properly formatted JSON","duration":0.5306250000000432,"failureMessages":[],"meta":{}},{"ancestorTitles":["Cookies Export Route","Response Format"],"fullName":"Cookies Export Route Response Format should return valid JSON that matches the TypeScript interface","status":"passed","title":"should return valid JSON that matches the TypeScript interface","duration":0.41241600000000744,"failureMessages":[],"meta":{}},{"ancestorTitles":["Cookies Export Route","Error Handling"],"fullName":"Cookies Export Route Error Handling should handle getServerSession errors gracefully","status":"passed","title":"should handle getServerSession errors gracefully","duration":1.83887500000003,"failureMessages":[],"meta":{}},{"ancestorTitles":["Cookies Export Route","Error Handling"],"fullName":"Cookies Export Route Error Handling should log errors to console","status":"passed","title":"should log errors to console","duration":1.098792000000003,"failureMessages":[],"meta":{}},{"ancestorTitles":["Cookies Export Route","GDPR Compliance"],"fullName":"Cookies Export Route GDPR Compliance should export data in machine-readable format","status":"passed","title":"should export data in machine-readable format","duration":0.2963750000000118,"failureMessages":[],"meta":{}},{"ancestorTitles":["Cookies Export Route","GDPR Compliance"],"fullName":"Cookies Export Route GDPR Compliance should include all consent categories","status":"passed","title":"should include all consent categories","duration":0.20641599999999016,"failureMessages":[],"meta":{}},{"ancestorTitles":["Cookies Export Route","GDPR Compliance"],"fullName":"Cookies Export Route GDPR Compliance should include consent timestamp for audit trail","status":"passed","title":"should include consent timestamp for audit trail","duration":0.19862499999999272,"failureMessages":[],"meta":{}},{"ancestorTitles":["Cookies Export Route","GDPR Compliance"],"fullName":"Cookies Export Route GDPR Compliance should include consent version for policy changes","status":"passed","title":"should include consent version for policy changes","duration":0.12475000000000591,"failureMessages":[],"meta":{}},{"ancestorTitles":["Cookies Export Route","GDPR Compliance"],"fullName":"Cookies Export Route GDPR Compliance should include clear data retention policy","status":"passed","title":"should include clear data retention policy","duration":0.12816600000002154,"failureMessages":[],"meta":{}},{"ancestorTitles":["Cookies Export Route","GDPR Compliance"],"fullName":"Cookies Export Route GDPR Compliance should only export user-specific data","status":"passed","title":"should only export user-specific data","duration":0.3242079999999987,"failureMessages":[],"meta":{}},{"ancestorTitles":["Cookies Export Route","Data Privacy"],"fullName":"Cookies Export Route Data Privacy should not expose sensitive session data","status":"passed","title":"should not expose sensitive session data","duration":0.16287499999998545,"failureMessages":[],"meta":{}},{"ancestorTitles":["Cookies Export Route","Data Privacy"],"fullName":"Cookies Export Route Data Privacy should provide downloadable file format","status":"passed","title":"should provide downloadable file format","duration":0.11829199999999673,"failureMessages":[],"meta":{}},{"ancestorTitles":["Cookies Export Route","Data Privacy"],"fullName":"Cookies Export Route Data Privacy should format timestamps in ISO format","status":"passed","title":"should format timestamps in ISO format","duration":0.16579200000001038,"failureMessages":[],"meta":{}},{"ancestorTitles":["Cookies Export Route","TypeScript Interface Compliance"],"fullName":"Cookies Export Route TypeScript Interface Compliance should return data matching CookieExportData interface","status":"passed","title":"should return data matching CookieExportData interface","duration":0.17479100000002745,"failureMessages":[],"meta":{}}],"startTime":1754419561231,"endTime":1754419561243.1748,"status":"passed","message":"","name":"/Users/pingel/git_repos/github.com/The-AI-Alliance/semiont/apps/frontend/src/app/api/cookies/export/__tests__/route.test.ts"}]}